[2019-07-07 18:21:55,185] INFO org.github.dragos.vscode.Main$ - Starting server in /Users/m/code/bigdata/kafka/kafka
[2019-07-07 18:21:55,185] INFO org.github.dragos.vscode.Main$ - Starting server in /Users/m/code/bigdata/kafka/kafka
[2019-07-07 18:21:55,194] INFO org.github.dragos.vscode.Main$ - Classpath: /Users/m/.vscode/extensions/dragos.scala-lsp-0.2.3/coursier
[2019-07-07 18:21:55,194] INFO org.github.dragos.vscode.Main$ - Classpath: /Users/m/.vscode/extensions/dragos.scala-lsp-0.2.3/coursier
[2019-07-07 18:21:55,348] DEBUG langserver.core.MessageReader - Received headers:
Content-Length: 1195
[2019-07-07 18:21:55,348] DEBUG langserver.core.MessageReader - Received headers:
Content-Length: 1195
[2019-07-07 18:21:55,370] DEBUG langserver.core.Connection - Received {"jsonrpc":"2.0","id":0,"method":"initialize","params":{"processId":80394,"rootPath":"/Users/m/code/bigdata/kafka/kafka","rootUri":"file:///Users/m/code/bigdata/kafka/kafka","capabilities":{"workspace":{"applyEdit":true,"didChangeConfiguration":{"dynamicRegistration":false},"didChangeWatchedFiles":{"dynamicRegistration":false},"symbol":{"dynamicRegistration":true},"executeCommand":{"dynamicRegistration":true}},"textDocument":{"synchronization":{"dynamicRegistration":true,"willSave":true,"willSaveWaitUntil":true,"didSave":true},"completion":{"dynamicRegistration":true,"completionItem":{"snippetSupport":true}},"hover":{"dynamicRegistration":true},"signatureHelp":{"dynamicRegistration":true},"references":{"dynamicRegistration":true},"documentHighlight":{"dynamicRegistration":true},"documentSymbol":{"dynamicRegistration":true},"formatting":{"dynamicRegistration":true},"rangeFormatting":{"dynamicRegistration":true},"onTypeFormatting":{"dynamicRegistration":true},"definition":{"dynamicRegistration":true},"codeAction":{"dynamicRegistration":true},"codeLens":{"dynamicRegistration":true},"documentLink":{"dynamicRegistration":true},"rename":{"dynamicRegistration":true}}},"trace":"off"}}
[2019-07-07 18:21:55,370] DEBUG langserver.core.Connection - Received {"jsonrpc":"2.0","id":0,"method":"initialize","params":{"processId":80394,"rootPath":"/Users/m/code/bigdata/kafka/kafka","rootUri":"file:///Users/m/code/bigdata/kafka/kafka","capabilities":{"workspace":{"applyEdit":true,"didChangeConfiguration":{"dynamicRegistration":false},"didChangeWatchedFiles":{"dynamicRegistration":false},"symbol":{"dynamicRegistration":true},"executeCommand":{"dynamicRegistration":true}},"textDocument":{"synchronization":{"dynamicRegistration":true,"willSave":true,"willSaveWaitUntil":true,"didSave":true},"completion":{"dynamicRegistration":true,"completionItem":{"snippetSupport":true}},"hover":{"dynamicRegistration":true},"signatureHelp":{"dynamicRegistration":true},"references":{"dynamicRegistration":true},"documentHighlight":{"dynamicRegistration":true},"documentSymbol":{"dynamicRegistration":true},"formatting":{"dynamicRegistration":true},"rangeFormatting":{"dynamicRegistration":true},"onTypeFormatting":{"dynamicRegistration":true},"definition":{"dynamicRegistration":true},"codeAction":{"dynamicRegistration":true},"codeLens":{"dynamicRegistration":true},"documentLink":{"dynamicRegistration":true},"rename":{"dynamicRegistration":true}}},"trace":"off"}}
[2019-07-07 18:21:55,945] INFO org.github.dragos.vscode.EnsimeLanguageServer - Initialized with 80394, /Users/m/code/bigdata/kafka/kafka, ClientCapabilities()
[2019-07-07 18:21:55,945] INFO org.github.dragos.vscode.EnsimeLanguageServer - Initialized with 80394, /Users/m/code/bigdata/kafka/kafka, ClientCapabilities()
[2019-07-07 18:21:55,949] DEBUG org.github.dragos.vscode.EnsimeLanguageServer - ensime.config = "/Users/m/code/bigdata/kafka/kafka/.ensime" 
[2019-07-07 18:21:55,949] DEBUG org.github.dragos.vscode.EnsimeLanguageServer - ensime.config = "/Users/m/code/bigdata/kafka/kafka/.ensime" 
[2019-07-07 18:21:56,790] INFO akka.event.slf4j.Slf4jLogger - Slf4jLogger started
[2019-07-07 18:21:57,004] ERROR org.github.dragos.vscode.EnsimeLanguageServer - initializeEnsime Error: /Users/m/code/bigdata/kafka/kafka/.ensime
[2019-07-07 18:21:57,004] ERROR org.github.dragos.vscode.EnsimeLanguageServer - initializeEnsime Error: /Users/m/code/bigdata/kafka/kafka/.ensime
[2019-07-07 18:21:57,092] DEBUG langserver.core.MessageWriter - Content-Length: 146



{"jsonrpc":"2.0","method":"window/showMessage","params":{"tpe":1,"message":"No .ensime file in directory. Run `sbt ensimeConfig` to create one."}}
[2019-07-07 18:21:57,092] DEBUG langserver.core.MessageWriter - Content-Length: 146



{"jsonrpc":"2.0","method":"window/showMessage","params":{"tpe":1,"message":"No .ensime file in directory. Run `sbt ensimeConfig` to create one."}}
[2019-07-07 18:21:57,092] DEBUG langserver.core.MessageWriter - payload: {"jsonrpc":"2.0","method":"window/showMessage","params":{"tpe":1,"message":"No .ensime file in directory. Run `sbt ensimeConfig` to create one."}}
[2019-07-07 18:21:57,092] DEBUG langserver.core.MessageWriter - payload: {"jsonrpc":"2.0","method":"window/showMessage","params":{"tpe":1,"message":"No .ensime file in directory. Run `sbt ensimeConfig` to create one."}}
[2019-07-07 18:21:57,231] DEBUG langserver.core.MessageWriter - Content-Length: 441



{"jsonrpc":"2.0","result":{"capabilities":{"textDocumentSync":1,"hoverProvider":true,"completionProvider":{"resolveProvider":false,"triggerCharacters":["."]},"definitionProvider":true,"referencesProvider":false,"documentHighlightProvider":false,"documentSymbolProvider":true,"workspaceSymbolProvider":false,"codeActionProvider":false,"documentFormattingProvider":false,"documentRangeFormattingProvider":false,"renameProvider":false}},"id":0}
[2019-07-07 18:21:57,231] DEBUG langserver.core.MessageWriter - Content-Length: 441



{"jsonrpc":"2.0","result":{"capabilities":{"textDocumentSync":1,"hoverProvider":true,"completionProvider":{"resolveProvider":false,"triggerCharacters":["."]},"definitionProvider":true,"referencesProvider":false,"documentHighlightProvider":false,"documentSymbolProvider":true,"workspaceSymbolProvider":false,"codeActionProvider":false,"documentFormattingProvider":false,"documentRangeFormattingProvider":false,"renameProvider":false}},"id":0}
[2019-07-07 18:21:57,233] DEBUG langserver.core.MessageWriter - payload: {"jsonrpc":"2.0","result":{"capabilities":{"textDocumentSync":1,"hoverProvider":true,"completionProvider":{"resolveProvider":false,"triggerCharacters":["."]},"definitionProvider":true,"referencesProvider":false,"documentHighlightProvider":false,"documentSymbolProvider":true,"workspaceSymbolProvider":false,"codeActionProvider":false,"documentFormattingProvider":false,"documentRangeFormattingProvider":false,"renameProvider":false}},"id":0}
[2019-07-07 18:21:57,233] DEBUG langserver.core.MessageWriter - payload: {"jsonrpc":"2.0","result":{"capabilities":{"textDocumentSync":1,"hoverProvider":true,"completionProvider":{"resolveProvider":false,"triggerCharacters":["."]},"definitionProvider":true,"referencesProvider":false,"documentHighlightProvider":false,"documentSymbolProvider":true,"workspaceSymbolProvider":false,"codeActionProvider":false,"documentFormattingProvider":false,"documentRangeFormattingProvider":false,"renameProvider":false}},"id":0}
[2019-07-07 18:21:57,235] DEBUG langserver.core.MessageReader - Received headers:
Content-Length: 52
[2019-07-07 18:21:57,235] DEBUG langserver.core.MessageReader - Received headers:
Content-Length: 52
[2019-07-07 18:21:57,239] DEBUG langserver.core.Connection - Received {"jsonrpc":"2.0","method":"initialized","params":{}}
[2019-07-07 18:21:57,239] DEBUG langserver.core.Connection - Received {"jsonrpc":"2.0","method":"initialized","params":{}}
[2019-07-07 18:21:57,257] ERROR org.github.dragos.vscode.EnsimeLanguageServer - Unknown notification Initialized()
[2019-07-07 18:21:57,257] ERROR org.github.dragos.vscode.EnsimeLanguageServer - Unknown notification Initialized()
[2019-07-07 18:21:57,257] DEBUG langserver.core.MessageReader - Received headers:
Content-Length: 3497
[2019-07-07 18:21:57,257] DEBUG langserver.core.MessageReader - Received headers:
Content-Length: 3497
[2019-07-07 18:21:57,261] DEBUG langserver.core.Connection - Received {"jsonrpc":"2.0","method":"textDocument/didOpen","params":{"textDocument":{"uri":"file:///Users/m/code/bigdata/kafka/kafka/core/src/main/scala/kafka/Kafka.scala","languageId":"scala","version":1,"text":"/**\n * Licensed to the Apache Software Foundation (ASF) under one or more\n * contributor license agreements.  See the NOTICE file distributed with\n * this work for additional information regarding copyright ownership.\n * The ASF licenses this file to You under the Apache License, Version 2.0\n * (the \"License\"); you may not use this file except in compliance with\n * the License.  You may obtain a copy of the License at\n * \n *    http://www.apache.org/licenses/LICENSE-2.0\n *\n * Unless required by applicable law or agreed to in writing, software\n * distributed under the License is distributed on an \"AS IS\" BASIS,\n * WITHOUT WARRANTIES OR CONDITIONS OF ANY KIND, either express or implied.\n * See the License for the specific language governing permissions and\n * limitations under the License.\n */\n\npackage kafka\n\nimport java.util.Properties\n\nimport joptsimple.OptionParser\nimport kafka.utils.Implicits._\nimport kafka.server.{KafkaServer, KafkaServerStartable}\nimport kafka.utils.{CommandLineUtils, Exit, Logging}\nimport org.apache.kafka.common.utils.{Java, LoggingSignalHandler, OperatingSystem, Utils}\n\nimport scala.collection.JavaConverters._\n\nobject Kafka extends Logging {\n\n  def getPropsFromArgs(args: Array[String]): Properties = {\n    val optionParser = new OptionParser(false)\n    val overrideOpt = optionParser.accepts(\"override\", \"Optional property that should override values set in server.properties file\")\n      .withRequiredArg()\n      .ofType(classOf[String])\n\n    if (args.length == 0) {\n      CommandLineUtils.printUsageAndDie(optionParser, \"USAGE: java [options] %s server.properties [--override property=value]*\".format(classOf[KafkaServer].getSimpleName()))\n    }\n\n    val props = Utils.loadProps(args(0))\n\n    if (args.length > 1) {\n      val options = optionParser.parse(args.slice(1, args.length): _*)\n\n      if (options.nonOptionArguments().size() > 0) {\n        CommandLineUtils.printUsageAndDie(optionParser, \"Found non argument parameters: \" + options.nonOptionArguments().toArray.mkString(\",\"))\n      }\n\n      props ++= CommandLineUtils.parseKeyValueArgs(options.valuesOf(overrideOpt).asScala)\n    }\n    props\n  }\n\n  def main(args: Array[String]): Unit = {\n    try {\n      val serverProps = getPropsFromArgs(args)\n      val kafkaServerStartable = KafkaServerStartable.fromProps(serverProps)\n\n      try {\n        if (!OperatingSystem.IS_WINDOWS && !Java.isIbmJdk)\n          new LoggingSignalHandler().register()\n      } catch {\n        case e: ReflectiveOperationException =>\n          warn(\"Failed to register optional signal handler that logs a message when the process is terminated \" +\n            s\"by a signal. Reason for registration failure is: $e\", e)\n      }\n\n      // attach shutdown handler to catch terminating signals as well as normal termination\n      Runtime.getRuntime().addShutdownHook(new Thread(\"kafka-shutdown-hook\") {\n        override def run(): Unit = kafkaServerStartable.shutdown()\n      })\n\n      kafkaServerStartable.startup()\n      kafkaServerStartable.awaitShutdown()\n    }\n    catch {\n      case e: Throwable =>\n        fatal(\"Exiting Kafka due to fatal exception\", e)\n        Exit.exit(1)\n    }\n    Exit.exit(0)\n  }\n}\n"}}}
[2019-07-07 18:21:57,261] DEBUG langserver.core.Connection - Received {"jsonrpc":"2.0","method":"textDocument/didOpen","params":{"textDocument":{"uri":"file:///Users/m/code/bigdata/kafka/kafka/core/src/main/scala/kafka/Kafka.scala","languageId":"scala","version":1,"text":"/**\n * Licensed to the Apache Software Foundation (ASF) under one or more\n * contributor license agreements.  See the NOTICE file distributed with\n * this work for additional information regarding copyright ownership.\n * The ASF licenses this file to You under the Apache License, Version 2.0\n * (the \"License\"); you may not use this file except in compliance with\n * the License.  You may obtain a copy of the License at\n * \n *    http://www.apache.org/licenses/LICENSE-2.0\n *\n * Unless required by applicable law or agreed to in writing, software\n * distributed under the License is distributed on an \"AS IS\" BASIS,\n * WITHOUT WARRANTIES OR CONDITIONS OF ANY KIND, either express or implied.\n * See the License for the specific language governing permissions and\n * limitations under the License.\n */\n\npackage kafka\n\nimport java.util.Properties\n\nimport joptsimple.OptionParser\nimport kafka.utils.Implicits._\nimport kafka.server.{KafkaServer, KafkaServerStartable}\nimport kafka.utils.{CommandLineUtils, Exit, Logging}\nimport org.apache.kafka.common.utils.{Java, LoggingSignalHandler, OperatingSystem, Utils}\n\nimport scala.collection.JavaConverters._\n\nobject Kafka extends Logging {\n\n  def getPropsFromArgs(args: Array[String]): Properties = {\n    val optionParser = new OptionParser(false)\n    val overrideOpt = optionParser.accepts(\"override\", \"Optional property that should override values set in server.properties file\")\n      .withRequiredArg()\n      .ofType(classOf[String])\n\n    if (args.length == 0) {\n      CommandLineUtils.printUsageAndDie(optionParser, \"USAGE: java [options] %s server.properties [--override property=value]*\".format(classOf[KafkaServer].getSimpleName()))\n    }\n\n    val props = Utils.loadProps(args(0))\n\n    if (args.length > 1) {\n      val options = optionParser.parse(args.slice(1, args.length): _*)\n\n      if (options.nonOptionArguments().size() > 0) {\n        CommandLineUtils.printUsageAndDie(optionParser, \"Found non argument parameters: \" + options.nonOptionArguments().toArray.mkString(\",\"))\n      }\n\n      props ++= CommandLineUtils.parseKeyValueArgs(options.valuesOf(overrideOpt).asScala)\n    }\n    props\n  }\n\n  def main(args: Array[String]): Unit = {\n    try {\n      val serverProps = getPropsFromArgs(args)\n      val kafkaServerStartable = KafkaServerStartable.fromProps(serverProps)\n\n      try {\n        if (!OperatingSystem.IS_WINDOWS && !Java.isIbmJdk)\n          new LoggingSignalHandler().register()\n      } catch {\n        case e: ReflectiveOperationException =>\n          warn(\"Failed to register optional signal handler that logs a message when the process is terminated \" +\n            s\"by a signal. Reason for registration failure is: $e\", e)\n      }\n\n      // attach shutdown handler to catch terminating signals as well as normal termination\n      Runtime.getRuntime().addShutdownHook(new Thread(\"kafka-shutdown-hook\") {\n        override def run(): Unit = kafkaServerStartable.shutdown()\n      })\n\n      kafkaServerStartable.startup()\n      kafkaServerStartable.awaitShutdown()\n    }\n    catch {\n      case e: Throwable =>\n        fatal(\"Exiting Kafka due to fatal exception\", e)\n        Exit.exit(1)\n    }\n    Exit.exit(0)\n  }\n}\n"}}}
[2019-07-07 18:21:57,272] DEBUG langserver.core.MessageReader - Received headers:
Content-Length: 178
[2019-07-07 18:21:57,272] DEBUG langserver.core.MessageReader - Received headers:
Content-Length: 178
[2019-07-07 18:21:57,273] DEBUG langserver.core.Connection - Received {"jsonrpc":"2.0","id":1,"method":"textDocument/documentSymbol","params":{"textDocument":{"uri":"file:///Users/m/code/bigdata/kafka/kafka/core/src/main/scala/kafka/Kafka.scala"}}}
[2019-07-07 18:21:57,273] DEBUG langserver.core.Connection - Received {"jsonrpc":"2.0","id":1,"method":"textDocument/documentSymbol","params":{"textDocument":{"uri":"file:///Users/m/code/bigdata/kafka/kafka/core/src/main/scala/kafka/Kafka.scala"}}}
[2019-07-07 18:21:57,277] DEBUG langserver.core.MessageWriter - Content-Length: 36



{"jsonrpc":"2.0","result":[],"id":1}
[2019-07-07 18:21:57,277] DEBUG langserver.core.MessageWriter - Content-Length: 36



{"jsonrpc":"2.0","result":[],"id":1}
[2019-07-07 18:21:57,278] DEBUG langserver.core.MessageWriter - payload: {"jsonrpc":"2.0","result":[],"id":1}
[2019-07-07 18:21:57,278] DEBUG langserver.core.MessageWriter - payload: {"jsonrpc":"2.0","result":[],"id":1}
[2019-07-07 20:08:27,084] DEBUG langserver.core.MessageReader - Received headers:
Content-Length: 207
[2019-07-07 20:08:27,084] DEBUG langserver.core.MessageReader - Received headers:
Content-Length: 207
[2019-07-07 20:08:27,091] DEBUG langserver.core.Connection - Received {"jsonrpc":"2.0","id":2,"method":"textDocument/hover","params":{"textDocument":{"uri":"file:///Users/m/code/bigdata/kafka/kafka/core/src/main/scala/kafka/Kafka.scala"},"position":{"line":57,"character":33}}}
[2019-07-07 20:08:27,091] DEBUG langserver.core.Connection - Received {"jsonrpc":"2.0","id":2,"method":"textDocument/hover","params":{"textDocument":{"uri":"file:///Users/m/code/bigdata/kafka/kafka/core/src/main/scala/kafka/Kafka.scala"},"position":{"line":57,"character":33}}}
[2019-07-07 20:08:27,114] INFO org.github.dragos.vscode.EnsimeLanguageServer - Got hover request at (57, 33).
[2019-07-07 20:08:27,114] INFO org.github.dragos.vscode.EnsimeLanguageServer - Got hover request at (57, 33).
[2019-07-07 20:08:27,181] DEBUG org.github.dragos.vscode.EnsimeLanguageServer - DocUriAtPointReq future completed: succes? false
[2019-07-07 20:08:27,181] DEBUG org.github.dragos.vscode.EnsimeLanguageServer - DocUriAtPointReq future completed: succes? false
[2019-07-07 20:08:27,183] DEBUG org.github.dragos.vscode.EnsimeLanguageServer - TypeAtPointReq future completed: succes? false
[2019-07-07 20:08:27,183] DEBUG org.github.dragos.vscode.EnsimeLanguageServer - TypeAtPointReq future completed: succes? false
[2019-07-07 20:08:27,522] DEBUG langserver.core.MessageReader - Received headers:
Content-Length: 62
[2019-07-07 20:08:27,522] DEBUG langserver.core.MessageReader - Received headers:
Content-Length: 62
[2019-07-07 20:08:27,523] DEBUG langserver.core.Connection - Received {"jsonrpc":"2.0","method":"$/cancelRequest","params":{"id":2}}
[2019-07-07 20:08:27,523] DEBUG langserver.core.Connection - Received {"jsonrpc":"2.0","method":"$/cancelRequest","params":{"id":2}}
[2019-07-07 20:08:27,531] ERROR org.github.dragos.vscode.EnsimeLanguageServer - Unknown notification CancelRequest(2)
[2019-07-07 20:08:27,531] ERROR org.github.dragos.vscode.EnsimeLanguageServer - Unknown notification CancelRequest(2)
[2019-07-07 20:27:25,086] DEBUG langserver.core.MessageReader - Received headers:
Content-Length: 165
[2019-07-07 20:27:25,086] DEBUG langserver.core.MessageReader - Received headers:
Content-Length: 165
[2019-07-07 20:27:25,101] DEBUG langserver.core.Connection - Received {"jsonrpc":"2.0","method":"textDocument/didClose","params":{"textDocument":{"uri":"file:///Users/m/code/bigdata/kafka/kafka/core/src/main/scala/kafka/Kafka.scala"}}}
[2019-07-07 20:27:25,101] DEBUG langserver.core.Connection - Received {"jsonrpc":"2.0","method":"textDocument/didClose","params":{"textDocument":{"uri":"file:///Users/m/code/bigdata/kafka/kafka/core/src/main/scala/kafka/Kafka.scala"}}}
[2019-07-07 20:27:25,196] DEBUG org.github.dragos.vscode.EnsimeLanguageServer - Removing file:///Users/m/code/bigdata/kafka/kafka/core/src/main/scala/kafka/Kafka.scala from Ensime.
[2019-07-07 20:27:25,196] DEBUG org.github.dragos.vscode.EnsimeLanguageServer - Removing file:///Users/m/code/bigdata/kafka/kafka/core/src/main/scala/kafka/Kafka.scala from Ensime.
[2019-07-07 20:35:15,441] DEBUG langserver.core.MessageReader - Received headers:
Content-Length: 3497
[2019-07-07 20:35:15,441] DEBUG langserver.core.MessageReader - Received headers:
Content-Length: 3497
[2019-07-07 20:35:15,445] DEBUG langserver.core.Connection - Received {"jsonrpc":"2.0","method":"textDocument/didOpen","params":{"textDocument":{"uri":"file:///Users/m/code/bigdata/kafka/kafka/core/src/main/scala/kafka/Kafka.scala","languageId":"scala","version":1,"text":"/**\n * Licensed to the Apache Software Foundation (ASF) under one or more\n * contributor license agreements.  See the NOTICE file distributed with\n * this work for additional information regarding copyright ownership.\n * The ASF licenses this file to You under the Apache License, Version 2.0\n * (the \"License\"); you may not use this file except in compliance with\n * the License.  You may obtain a copy of the License at\n * \n *    http://www.apache.org/licenses/LICENSE-2.0\n *\n * Unless required by applicable law or agreed to in writing, software\n * distributed under the License is distributed on an \"AS IS\" BASIS,\n * WITHOUT WARRANTIES OR CONDITIONS OF ANY KIND, either express or implied.\n * See the License for the specific language governing permissions and\n * limitations under the License.\n */\n\npackage kafka\n\nimport java.util.Properties\n\nimport joptsimple.OptionParser\nimport kafka.utils.Implicits._\nimport kafka.server.{KafkaServer, KafkaServerStartable}\nimport kafka.utils.{CommandLineUtils, Exit, Logging}\nimport org.apache.kafka.common.utils.{Java, LoggingSignalHandler, OperatingSystem, Utils}\n\nimport scala.collection.JavaConverters._\n\nobject Kafka extends Logging {\n\n  def getPropsFromArgs(args: Array[String]): Properties = {\n    val optionParser = new OptionParser(false)\n    val overrideOpt = optionParser.accepts(\"override\", \"Optional property that should override values set in server.properties file\")\n      .withRequiredArg()\n      .ofType(classOf[String])\n\n    if (args.length == 0) {\n      CommandLineUtils.printUsageAndDie(optionParser, \"USAGE: java [options] %s server.properties [--override property=value]*\".format(classOf[KafkaServer].getSimpleName()))\n    }\n\n    val props = Utils.loadProps(args(0))\n\n    if (args.length > 1) {\n      val options = optionParser.parse(args.slice(1, args.length): _*)\n\n      if (options.nonOptionArguments().size() > 0) {\n        CommandLineUtils.printUsageAndDie(optionParser, \"Found non argument parameters: \" + options.nonOptionArguments().toArray.mkString(\",\"))\n      }\n\n      props ++= CommandLineUtils.parseKeyValueArgs(options.valuesOf(overrideOpt).asScala)\n    }\n    props\n  }\n\n  def main(args: Array[String]): Unit = {\n    try {\n      val serverProps = getPropsFromArgs(args)\n      val kafkaServerStartable = KafkaServerStartable.fromProps(serverProps)\n\n      try {\n        if (!OperatingSystem.IS_WINDOWS && !Java.isIbmJdk)\n          new LoggingSignalHandler().register()\n      } catch {\n        case e: ReflectiveOperationException =>\n          warn(\"Failed to register optional signal handler that logs a message when the process is terminated \" +\n            s\"by a signal. Reason for registration failure is: $e\", e)\n      }\n\n      // attach shutdown handler to catch terminating signals as well as normal termination\n      Runtime.getRuntime().addShutdownHook(new Thread(\"kafka-shutdown-hook\") {\n        override def run(): Unit = kafkaServerStartable.shutdown()\n      })\n\n      kafkaServerStartable.startup()\n      kafkaServerStartable.awaitShutdown()\n    }\n    catch {\n      case e: Throwable =>\n        fatal(\"Exiting Kafka due to fatal exception\", e)\n        Exit.exit(1)\n    }\n    Exit.exit(0)\n  }\n}\n"}}}
[2019-07-07 20:35:15,445] DEBUG langserver.core.Connection - Received {"jsonrpc":"2.0","method":"textDocument/didOpen","params":{"textDocument":{"uri":"file:///Users/m/code/bigdata/kafka/kafka/core/src/main/scala/kafka/Kafka.scala","languageId":"scala","version":1,"text":"/**\n * Licensed to the Apache Software Foundation (ASF) under one or more\n * contributor license agreements.  See the NOTICE file distributed with\n * this work for additional information regarding copyright ownership.\n * The ASF licenses this file to You under the Apache License, Version 2.0\n * (the \"License\"); you may not use this file except in compliance with\n * the License.  You may obtain a copy of the License at\n * \n *    http://www.apache.org/licenses/LICENSE-2.0\n *\n * Unless required by applicable law or agreed to in writing, software\n * distributed under the License is distributed on an \"AS IS\" BASIS,\n * WITHOUT WARRANTIES OR CONDITIONS OF ANY KIND, either express or implied.\n * See the License for the specific language governing permissions and\n * limitations under the License.\n */\n\npackage kafka\n\nimport java.util.Properties\n\nimport joptsimple.OptionParser\nimport kafka.utils.Implicits._\nimport kafka.server.{KafkaServer, KafkaServerStartable}\nimport kafka.utils.{CommandLineUtils, Exit, Logging}\nimport org.apache.kafka.common.utils.{Java, LoggingSignalHandler, OperatingSystem, Utils}\n\nimport scala.collection.JavaConverters._\n\nobject Kafka extends Logging {\n\n  def getPropsFromArgs(args: Array[String]): Properties = {\n    val optionParser = new OptionParser(false)\n    val overrideOpt = optionParser.accepts(\"override\", \"Optional property that should override values set in server.properties file\")\n      .withRequiredArg()\n      .ofType(classOf[String])\n\n    if (args.length == 0) {\n      CommandLineUtils.printUsageAndDie(optionParser, \"USAGE: java [options] %s server.properties [--override property=value]*\".format(classOf[KafkaServer].getSimpleName()))\n    }\n\n    val props = Utils.loadProps(args(0))\n\n    if (args.length > 1) {\n      val options = optionParser.parse(args.slice(1, args.length): _*)\n\n      if (options.nonOptionArguments().size() > 0) {\n        CommandLineUtils.printUsageAndDie(optionParser, \"Found non argument parameters: \" + options.nonOptionArguments().toArray.mkString(\",\"))\n      }\n\n      props ++= CommandLineUtils.parseKeyValueArgs(options.valuesOf(overrideOpt).asScala)\n    }\n    props\n  }\n\n  def main(args: Array[String]): Unit = {\n    try {\n      val serverProps = getPropsFromArgs(args)\n      val kafkaServerStartable = KafkaServerStartable.fromProps(serverProps)\n\n      try {\n        if (!OperatingSystem.IS_WINDOWS && !Java.isIbmJdk)\n          new LoggingSignalHandler().register()\n      } catch {\n        case e: ReflectiveOperationException =>\n          warn(\"Failed to register optional signal handler that logs a message when the process is terminated \" +\n            s\"by a signal. Reason for registration failure is: $e\", e)\n      }\n\n      // attach shutdown handler to catch terminating signals as well as normal termination\n      Runtime.getRuntime().addShutdownHook(new Thread(\"kafka-shutdown-hook\") {\n        override def run(): Unit = kafkaServerStartable.shutdown()\n      })\n\n      kafkaServerStartable.startup()\n      kafkaServerStartable.awaitShutdown()\n    }\n    catch {\n      case e: Throwable =>\n        fatal(\"Exiting Kafka due to fatal exception\", e)\n        Exit.exit(1)\n    }\n    Exit.exit(0)\n  }\n}\n"}}}
[2019-07-07 20:35:15,496] DEBUG langserver.core.MessageReader - Received headers:
Content-Length: 178
[2019-07-07 20:35:15,496] DEBUG langserver.core.MessageReader - Received headers:
Content-Length: 178
[2019-07-07 20:35:15,498] DEBUG langserver.core.Connection - Received {"jsonrpc":"2.0","id":3,"method":"textDocument/documentSymbol","params":{"textDocument":{"uri":"file:///Users/m/code/bigdata/kafka/kafka/core/src/main/scala/kafka/Kafka.scala"}}}
[2019-07-07 20:35:15,498] DEBUG langserver.core.Connection - Received {"jsonrpc":"2.0","id":3,"method":"textDocument/documentSymbol","params":{"textDocument":{"uri":"file:///Users/m/code/bigdata/kafka/kafka/core/src/main/scala/kafka/Kafka.scala"}}}
[2019-07-07 20:35:15,588] DEBUG langserver.core.MessageWriter - Content-Length: 36



{"jsonrpc":"2.0","result":[],"id":3}
[2019-07-07 20:35:15,588] DEBUG langserver.core.MessageWriter - Content-Length: 36



{"jsonrpc":"2.0","result":[],"id":3}
[2019-07-07 20:35:15,590] DEBUG langserver.core.MessageWriter - payload: {"jsonrpc":"2.0","result":[],"id":3}
[2019-07-07 20:35:15,590] DEBUG langserver.core.MessageWriter - payload: {"jsonrpc":"2.0","result":[],"id":3}
[2019-07-07 20:35:15,752] DEBUG langserver.core.MessageReader - Received headers:
Content-Length: 178
[2019-07-07 20:35:15,752] DEBUG langserver.core.MessageReader - Received headers:
Content-Length: 178
[2019-07-07 20:35:15,753] DEBUG langserver.core.Connection - Received {"jsonrpc":"2.0","id":4,"method":"textDocument/documentSymbol","params":{"textDocument":{"uri":"file:///Users/m/code/bigdata/kafka/kafka/core/src/main/scala/kafka/Kafka.scala"}}}
[2019-07-07 20:35:15,753] DEBUG langserver.core.Connection - Received {"jsonrpc":"2.0","id":4,"method":"textDocument/documentSymbol","params":{"textDocument":{"uri":"file:///Users/m/code/bigdata/kafka/kafka/core/src/main/scala/kafka/Kafka.scala"}}}
[2019-07-07 20:35:15,757] DEBUG langserver.core.MessageWriter - Content-Length: 36



{"jsonrpc":"2.0","result":[],"id":4}
[2019-07-07 20:35:15,757] DEBUG langserver.core.MessageWriter - Content-Length: 36



{"jsonrpc":"2.0","result":[],"id":4}
[2019-07-07 20:35:15,757] DEBUG langserver.core.MessageWriter - payload: {"jsonrpc":"2.0","result":[],"id":4}
[2019-07-07 20:35:15,757] DEBUG langserver.core.MessageWriter - payload: {"jsonrpc":"2.0","result":[],"id":4}
[2019-07-07 20:35:16,660] DEBUG langserver.core.MessageReader - Received headers:
Content-Length: 207
[2019-07-07 20:35:16,660] DEBUG langserver.core.MessageReader - Received headers:
Content-Length: 207
[2019-07-07 20:35:16,660] DEBUG langserver.core.Connection - Received {"jsonrpc":"2.0","id":5,"method":"textDocument/hover","params":{"textDocument":{"uri":"file:///Users/m/code/bigdata/kafka/kafka/core/src/main/scala/kafka/Kafka.scala"},"position":{"line":41,"character":40}}}
[2019-07-07 20:35:16,660] DEBUG langserver.core.Connection - Received {"jsonrpc":"2.0","id":5,"method":"textDocument/hover","params":{"textDocument":{"uri":"file:///Users/m/code/bigdata/kafka/kafka/core/src/main/scala/kafka/Kafka.scala"},"position":{"line":41,"character":40}}}
[2019-07-07 20:35:16,666] INFO org.github.dragos.vscode.EnsimeLanguageServer - Got hover request at (41, 40).
[2019-07-07 20:35:16,666] INFO org.github.dragos.vscode.EnsimeLanguageServer - Got hover request at (41, 40).
[2019-07-07 20:35:16,676] DEBUG org.github.dragos.vscode.EnsimeLanguageServer - DocUriAtPointReq future completed: succes? false
[2019-07-07 20:35:16,677] DEBUG org.github.dragos.vscode.EnsimeLanguageServer - TypeAtPointReq future completed: succes? false
[2019-07-07 20:35:16,676] DEBUG org.github.dragos.vscode.EnsimeLanguageServer - DocUriAtPointReq future completed: succes? false
[2019-07-07 20:35:16,677] DEBUG org.github.dragos.vscode.EnsimeLanguageServer - TypeAtPointReq future completed: succes? false
[2019-07-07 20:35:18,471] DEBUG langserver.core.MessageReader - Received headers:
Content-Length: 62
[2019-07-07 20:35:18,471] DEBUG langserver.core.MessageReader - Received headers:
Content-Length: 62
[2019-07-07 20:35:18,472] DEBUG langserver.core.Connection - Received {"jsonrpc":"2.0","method":"$/cancelRequest","params":{"id":5}}
[2019-07-07 20:35:18,472] DEBUG langserver.core.Connection - Received {"jsonrpc":"2.0","method":"$/cancelRequest","params":{"id":5}}
[2019-07-07 20:35:18,474] ERROR org.github.dragos.vscode.EnsimeLanguageServer - Unknown notification CancelRequest(5)
[2019-07-07 20:35:18,474] ERROR org.github.dragos.vscode.EnsimeLanguageServer - Unknown notification CancelRequest(5)
[2019-07-07 20:35:22,346] DEBUG langserver.core.MessageReader - Received headers:
Content-Length: 207
[2019-07-07 20:35:22,346] DEBUG langserver.core.MessageReader - Received headers:
Content-Length: 207
[2019-07-07 20:35:22,347] DEBUG langserver.core.Connection - Received {"jsonrpc":"2.0","id":6,"method":"textDocument/hover","params":{"textDocument":{"uri":"file:///Users/m/code/bigdata/kafka/kafka/core/src/main/scala/kafka/Kafka.scala"},"position":{"line":41,"character":40}}}
[2019-07-07 20:35:22,347] DEBUG langserver.core.Connection - Received {"jsonrpc":"2.0","id":6,"method":"textDocument/hover","params":{"textDocument":{"uri":"file:///Users/m/code/bigdata/kafka/kafka/core/src/main/scala/kafka/Kafka.scala"},"position":{"line":41,"character":40}}}
[2019-07-07 20:35:22,355] INFO org.github.dragos.vscode.EnsimeLanguageServer - Got hover request at (41, 40).
[2019-07-07 20:35:22,355] INFO org.github.dragos.vscode.EnsimeLanguageServer - Got hover request at (41, 40).
[2019-07-07 20:35:22,356] DEBUG org.github.dragos.vscode.EnsimeLanguageServer - DocUriAtPointReq future completed: succes? false
[2019-07-07 20:35:22,356] DEBUG org.github.dragos.vscode.EnsimeLanguageServer - TypeAtPointReq future completed: succes? false
[2019-07-07 20:35:22,356] DEBUG org.github.dragos.vscode.EnsimeLanguageServer - DocUriAtPointReq future completed: succes? false
[2019-07-07 20:35:22,356] DEBUG org.github.dragos.vscode.EnsimeLanguageServer - TypeAtPointReq future completed: succes? false
[2019-07-07 20:35:22,764] DEBUG langserver.core.MessageReader - Received headers:
Content-Length: 62
[2019-07-07 20:35:22,764] DEBUG langserver.core.MessageReader - Received headers:
Content-Length: 62
[2019-07-07 20:35:22,765] DEBUG langserver.core.Connection - Received {"jsonrpc":"2.0","method":"$/cancelRequest","params":{"id":6}}
[2019-07-07 20:35:22,765] DEBUG langserver.core.Connection - Received {"jsonrpc":"2.0","method":"$/cancelRequest","params":{"id":6}}
[2019-07-07 20:35:22,767] ERROR org.github.dragos.vscode.EnsimeLanguageServer - Unknown notification CancelRequest(6)
[2019-07-07 20:35:22,767] ERROR org.github.dragos.vscode.EnsimeLanguageServer - Unknown notification CancelRequest(6)
[2019-07-07 20:35:23,016] DEBUG langserver.core.MessageReader - Received headers:
Content-Length: 207
[2019-07-07 20:35:23,016] DEBUG langserver.core.MessageReader - Received headers:
Content-Length: 207
[2019-07-07 20:35:23,017] DEBUG langserver.core.Connection - Received {"jsonrpc":"2.0","id":7,"method":"textDocument/hover","params":{"textDocument":{"uri":"file:///Users/m/code/bigdata/kafka/kafka/core/src/main/scala/kafka/Kafka.scala"},"position":{"line":41,"character":40}}}
[2019-07-07 20:35:23,017] DEBUG langserver.core.Connection - Received {"jsonrpc":"2.0","id":7,"method":"textDocument/hover","params":{"textDocument":{"uri":"file:///Users/m/code/bigdata/kafka/kafka/core/src/main/scala/kafka/Kafka.scala"},"position":{"line":41,"character":40}}}
[2019-07-07 20:35:23,019] INFO org.github.dragos.vscode.EnsimeLanguageServer - Got hover request at (41, 40).
[2019-07-07 20:35:23,019] INFO org.github.dragos.vscode.EnsimeLanguageServer - Got hover request at (41, 40).
[2019-07-07 20:35:23,023] DEBUG org.github.dragos.vscode.EnsimeLanguageServer - DocUriAtPointReq future completed: succes? false
[2019-07-07 20:35:23,023] DEBUG org.github.dragos.vscode.EnsimeLanguageServer - DocUriAtPointReq future completed: succes? false
[2019-07-07 20:35:23,023] DEBUG org.github.dragos.vscode.EnsimeLanguageServer - TypeAtPointReq future completed: succes? false
[2019-07-07 20:35:23,023] DEBUG org.github.dragos.vscode.EnsimeLanguageServer - TypeAtPointReq future completed: succes? false
[2019-07-07 20:35:23,069] DEBUG langserver.core.MessageReader - Received headers:
Content-Length: 62
[2019-07-07 20:35:23,069] DEBUG langserver.core.MessageReader - Received headers:
Content-Length: 62
[2019-07-07 20:35:23,071] DEBUG langserver.core.Connection - Received {"jsonrpc":"2.0","method":"$/cancelRequest","params":{"id":7}}
[2019-07-07 20:35:23,071] DEBUG langserver.core.Connection - Received {"jsonrpc":"2.0","method":"$/cancelRequest","params":{"id":7}}
[2019-07-07 20:35:23,073] ERROR org.github.dragos.vscode.EnsimeLanguageServer - Unknown notification CancelRequest(7)
[2019-07-07 20:35:23,073] ERROR org.github.dragos.vscode.EnsimeLanguageServer - Unknown notification CancelRequest(7)
[2019-07-07 20:35:43,339] DEBUG langserver.core.MessageReader - Received headers:
Content-Length: 207
[2019-07-07 20:35:43,339] DEBUG langserver.core.MessageReader - Received headers:
Content-Length: 207
[2019-07-07 20:35:43,340] DEBUG langserver.core.Connection - Received {"jsonrpc":"2.0","id":8,"method":"textDocument/hover","params":{"textDocument":{"uri":"file:///Users/m/code/bigdata/kafka/kafka/core/src/main/scala/kafka/Kafka.scala"},"position":{"line":47,"character":23}}}
[2019-07-07 20:35:43,340] DEBUG langserver.core.Connection - Received {"jsonrpc":"2.0","id":8,"method":"textDocument/hover","params":{"textDocument":{"uri":"file:///Users/m/code/bigdata/kafka/kafka/core/src/main/scala/kafka/Kafka.scala"},"position":{"line":47,"character":23}}}
[2019-07-07 20:35:43,341] INFO org.github.dragos.vscode.EnsimeLanguageServer - Got hover request at (47, 23).
[2019-07-07 20:35:43,341] INFO org.github.dragos.vscode.EnsimeLanguageServer - Got hover request at (47, 23).
[2019-07-07 20:35:43,342] DEBUG org.github.dragos.vscode.EnsimeLanguageServer - DocUriAtPointReq future completed: succes? false
[2019-07-07 20:35:43,342] DEBUG org.github.dragos.vscode.EnsimeLanguageServer - TypeAtPointReq future completed: succes? false
[2019-07-07 20:35:43,342] DEBUG org.github.dragos.vscode.EnsimeLanguageServer - DocUriAtPointReq future completed: succes? false
[2019-07-07 20:35:43,342] DEBUG org.github.dragos.vscode.EnsimeLanguageServer - TypeAtPointReq future completed: succes? false
[2019-07-07 20:35:43,522] DEBUG langserver.core.MessageReader - Received headers:
Content-Length: 62
[2019-07-07 20:35:43,522] DEBUG langserver.core.MessageReader - Received headers:
Content-Length: 62
[2019-07-07 20:35:43,523] DEBUG langserver.core.Connection - Received {"jsonrpc":"2.0","method":"$/cancelRequest","params":{"id":8}}
[2019-07-07 20:35:43,523] DEBUG langserver.core.Connection - Received {"jsonrpc":"2.0","method":"$/cancelRequest","params":{"id":8}}
[2019-07-07 20:35:43,524] ERROR org.github.dragos.vscode.EnsimeLanguageServer - Unknown notification CancelRequest(8)
[2019-07-07 20:35:43,524] ERROR org.github.dragos.vscode.EnsimeLanguageServer - Unknown notification CancelRequest(8)
[2019-07-07 20:35:43,775] DEBUG langserver.core.MessageReader - Received headers:
Content-Length: 207
[2019-07-07 20:35:43,775] DEBUG langserver.core.MessageReader - Received headers:
Content-Length: 207
[2019-07-07 20:35:43,776] DEBUG langserver.core.Connection - Received {"jsonrpc":"2.0","id":9,"method":"textDocument/hover","params":{"textDocument":{"uri":"file:///Users/m/code/bigdata/kafka/kafka/core/src/main/scala/kafka/Kafka.scala"},"position":{"line":38,"character":39}}}
[2019-07-07 20:35:43,776] DEBUG langserver.core.Connection - Received {"jsonrpc":"2.0","id":9,"method":"textDocument/hover","params":{"textDocument":{"uri":"file:///Users/m/code/bigdata/kafka/kafka/core/src/main/scala/kafka/Kafka.scala"},"position":{"line":38,"character":39}}}
[2019-07-07 20:35:43,777] INFO org.github.dragos.vscode.EnsimeLanguageServer - Got hover request at (38, 39).
[2019-07-07 20:35:43,777] INFO org.github.dragos.vscode.EnsimeLanguageServer - Got hover request at (38, 39).
[2019-07-07 20:35:43,778] DEBUG org.github.dragos.vscode.EnsimeLanguageServer - DocUriAtPointReq future completed: succes? false
[2019-07-07 20:35:43,778] DEBUG org.github.dragos.vscode.EnsimeLanguageServer - DocUriAtPointReq future completed: succes? false
[2019-07-07 20:35:43,778] DEBUG org.github.dragos.vscode.EnsimeLanguageServer - TypeAtPointReq future completed: succes? false
[2019-07-07 20:35:43,778] DEBUG org.github.dragos.vscode.EnsimeLanguageServer - TypeAtPointReq future completed: succes? false
[2019-07-07 20:35:43,825] DEBUG langserver.core.MessageReader - Received headers:
Content-Length: 62
[2019-07-07 20:35:43,825] DEBUG langserver.core.MessageReader - Received headers:
Content-Length: 62
[2019-07-07 20:35:43,825] DEBUG langserver.core.Connection - Received {"jsonrpc":"2.0","method":"$/cancelRequest","params":{"id":9}}
[2019-07-07 20:35:43,825] DEBUG langserver.core.Connection - Received {"jsonrpc":"2.0","method":"$/cancelRequest","params":{"id":9}}
[2019-07-07 20:35:43,827] ERROR org.github.dragos.vscode.EnsimeLanguageServer - Unknown notification CancelRequest(9)
[2019-07-07 20:35:43,827] ERROR org.github.dragos.vscode.EnsimeLanguageServer - Unknown notification CancelRequest(9)
[2019-07-07 20:35:53,345] DEBUG langserver.core.MessageReader - Received headers:
Content-Length: 213
[2019-07-07 20:35:53,345] DEBUG langserver.core.MessageReader - Received headers:
Content-Length: 213
[2019-07-07 20:35:53,346] DEBUG langserver.core.Connection - Received {"jsonrpc":"2.0","id":10,"method":"textDocument/definition","params":{"textDocument":{"uri":"file:///Users/m/code/bigdata/kafka/kafka/core/src/main/scala/kafka/Kafka.scala"},"position":{"line":31,"character":37}}}
[2019-07-07 20:35:53,346] DEBUG langserver.core.Connection - Received {"jsonrpc":"2.0","id":10,"method":"textDocument/definition","params":{"textDocument":{"uri":"file:///Users/m/code/bigdata/kafka/kafka/core/src/main/scala/kafka/Kafka.scala"},"position":{"line":31,"character":37}}}
[2019-07-07 20:35:53,347] INFO org.github.dragos.vscode.EnsimeLanguageServer - Got goto definition request at (31, 37).
[2019-07-07 20:35:53,347] INFO org.github.dragos.vscode.EnsimeLanguageServer - Got goto definition request at (31, 37).
[2019-07-07 20:35:53,353] DEBUG org.github.dragos.vscode.EnsimeLanguageServer - Goto Definition future completed: succes? false
[2019-07-07 20:35:53,353] DEBUG org.github.dragos.vscode.EnsimeLanguageServer - Goto Definition future completed: succes? false
[2019-07-07 20:35:57,475] DEBUG langserver.core.MessageReader - Received headers:
Content-Length: 208
[2019-07-07 20:35:57,475] DEBUG langserver.core.MessageReader - Received headers:
Content-Length: 208
[2019-07-07 20:35:57,475] DEBUG langserver.core.Connection - Received {"jsonrpc":"2.0","id":11,"method":"textDocument/hover","params":{"textDocument":{"uri":"file:///Users/m/code/bigdata/kafka/kafka/core/src/main/scala/kafka/Kafka.scala"},"position":{"line":50,"character":51}}}
[2019-07-07 20:35:57,475] DEBUG langserver.core.Connection - Received {"jsonrpc":"2.0","id":11,"method":"textDocument/hover","params":{"textDocument":{"uri":"file:///Users/m/code/bigdata/kafka/kafka/core/src/main/scala/kafka/Kafka.scala"},"position":{"line":50,"character":51}}}
[2019-07-07 20:35:57,477] INFO org.github.dragos.vscode.EnsimeLanguageServer - Got hover request at (50, 51).
[2019-07-07 20:35:57,477] INFO org.github.dragos.vscode.EnsimeLanguageServer - Got hover request at (50, 51).
[2019-07-07 20:35:57,477] DEBUG org.github.dragos.vscode.EnsimeLanguageServer - DocUriAtPointReq future completed: succes? false
[2019-07-07 20:35:57,477] DEBUG org.github.dragos.vscode.EnsimeLanguageServer - DocUriAtPointReq future completed: succes? false
[2019-07-07 20:35:57,477] DEBUG org.github.dragos.vscode.EnsimeLanguageServer - TypeAtPointReq future completed: succes? false
[2019-07-07 20:35:57,477] DEBUG org.github.dragos.vscode.EnsimeLanguageServer - TypeAtPointReq future completed: succes? false
[2019-07-07 20:35:57,569] DEBUG langserver.core.MessageReader - Received headers:
Content-Length: 63
[2019-07-07 20:35:57,569] DEBUG langserver.core.MessageReader - Received headers:
Content-Length: 63
[2019-07-07 20:35:57,570] DEBUG langserver.core.Connection - Received {"jsonrpc":"2.0","method":"$/cancelRequest","params":{"id":11}}
[2019-07-07 20:35:57,570] DEBUG langserver.core.Connection - Received {"jsonrpc":"2.0","method":"$/cancelRequest","params":{"id":11}}
[2019-07-07 20:35:57,573] ERROR org.github.dragos.vscode.EnsimeLanguageServer - Unknown notification CancelRequest(11)
[2019-07-07 20:35:57,573] ERROR org.github.dragos.vscode.EnsimeLanguageServer - Unknown notification CancelRequest(11)
[2019-07-07 20:36:08,792] DEBUG langserver.core.MessageReader - Received headers:
Content-Length: 208
[2019-07-07 20:36:08,792] DEBUG langserver.core.MessageReader - Received headers:
Content-Length: 208
[2019-07-07 20:36:08,793] DEBUG langserver.core.Connection - Received {"jsonrpc":"2.0","id":12,"method":"textDocument/hover","params":{"textDocument":{"uri":"file:///Users/m/code/bigdata/kafka/kafka/core/src/main/scala/kafka/Kafka.scala"},"position":{"line":47,"character":21}}}
[2019-07-07 20:36:08,793] DEBUG langserver.core.Connection - Received {"jsonrpc":"2.0","id":12,"method":"textDocument/hover","params":{"textDocument":{"uri":"file:///Users/m/code/bigdata/kafka/kafka/core/src/main/scala/kafka/Kafka.scala"},"position":{"line":47,"character":21}}}
[2019-07-07 20:36:08,795] INFO org.github.dragos.vscode.EnsimeLanguageServer - Got hover request at (47, 21).
[2019-07-07 20:36:08,795] INFO org.github.dragos.vscode.EnsimeLanguageServer - Got hover request at (47, 21).
[2019-07-07 20:36:08,796] DEBUG org.github.dragos.vscode.EnsimeLanguageServer - DocUriAtPointReq future completed: succes? false
[2019-07-07 20:36:08,796] DEBUG org.github.dragos.vscode.EnsimeLanguageServer - TypeAtPointReq future completed: succes? false
[2019-07-07 20:36:08,796] DEBUG org.github.dragos.vscode.EnsimeLanguageServer - DocUriAtPointReq future completed: succes? false
[2019-07-07 20:36:08,796] DEBUG org.github.dragos.vscode.EnsimeLanguageServer - TypeAtPointReq future completed: succes? false
[2019-07-07 20:36:08,841] DEBUG langserver.core.MessageReader - Received headers:
Content-Length: 63
[2019-07-07 20:36:08,841] DEBUG langserver.core.MessageReader - Received headers:
Content-Length: 63
[2019-07-07 20:36:08,843] DEBUG langserver.core.Connection - Received {"jsonrpc":"2.0","method":"$/cancelRequest","params":{"id":12}}
[2019-07-07 20:36:08,843] DEBUG langserver.core.Connection - Received {"jsonrpc":"2.0","method":"$/cancelRequest","params":{"id":12}}
[2019-07-07 20:36:08,844] ERROR org.github.dragos.vscode.EnsimeLanguageServer - Unknown notification CancelRequest(12)
[2019-07-07 20:36:08,844] ERROR org.github.dragos.vscode.EnsimeLanguageServer - Unknown notification CancelRequest(12)
[2019-07-07 20:37:03,236] DEBUG langserver.core.MessageReader - Received headers:
Content-Length: 63
[2019-07-07 20:37:03,236] DEBUG langserver.core.MessageReader - Received headers:
Content-Length: 63
[2019-07-07 20:37:03,237] DEBUG langserver.core.Connection - Received {"jsonrpc":"2.0","method":"$/cancelRequest","params":{"id":10}}
[2019-07-07 20:37:03,237] DEBUG langserver.core.Connection - Received {"jsonrpc":"2.0","method":"$/cancelRequest","params":{"id":10}}
[2019-07-07 20:37:03,241] ERROR org.github.dragos.vscode.EnsimeLanguageServer - Unknown notification CancelRequest(10)
[2019-07-07 20:37:03,241] ERROR org.github.dragos.vscode.EnsimeLanguageServer - Unknown notification CancelRequest(10)
[2019-07-07 20:37:03,242] DEBUG langserver.core.MessageReader - Received headers:
Content-Length: 213
[2019-07-07 20:37:03,242] DEBUG langserver.core.MessageReader - Received headers:
Content-Length: 213
[2019-07-07 20:37:03,243] DEBUG langserver.core.Connection - Received {"jsonrpc":"2.0","id":13,"method":"textDocument/definition","params":{"textDocument":{"uri":"file:///Users/m/code/bigdata/kafka/kafka/core/src/main/scala/kafka/Kafka.scala"},"position":{"line":24,"character":29}}}
[2019-07-07 20:37:03,243] DEBUG langserver.core.Connection - Received {"jsonrpc":"2.0","id":13,"method":"textDocument/definition","params":{"textDocument":{"uri":"file:///Users/m/code/bigdata/kafka/kafka/core/src/main/scala/kafka/Kafka.scala"},"position":{"line":24,"character":29}}}
[2019-07-07 20:37:03,244] INFO org.github.dragos.vscode.EnsimeLanguageServer - Got goto definition request at (24, 29).
[2019-07-07 20:37:03,244] INFO org.github.dragos.vscode.EnsimeLanguageServer - Got goto definition request at (24, 29).
[2019-07-07 20:37:03,249] DEBUG org.github.dragos.vscode.EnsimeLanguageServer - Goto Definition future completed: succes? false
[2019-07-07 20:37:03,249] DEBUG org.github.dragos.vscode.EnsimeLanguageServer - Goto Definition future completed: succes? false
[2019-07-07 20:37:03,335] DEBUG langserver.core.MessageReader - Received headers:
Content-Length: 63
[2019-07-07 20:37:03,335] DEBUG langserver.core.MessageReader - Received headers:
Content-Length: 63
[2019-07-07 20:37:03,336] DEBUG langserver.core.Connection - Received {"jsonrpc":"2.0","method":"$/cancelRequest","params":{"id":13}}
[2019-07-07 20:37:03,336] DEBUG langserver.core.Connection - Received {"jsonrpc":"2.0","method":"$/cancelRequest","params":{"id":13}}
[2019-07-07 20:37:03,340] ERROR org.github.dragos.vscode.EnsimeLanguageServer - Unknown notification CancelRequest(13)
[2019-07-07 20:37:03,340] ERROR org.github.dragos.vscode.EnsimeLanguageServer - Unknown notification CancelRequest(13)
[2019-07-07 20:37:03,341] DEBUG langserver.core.MessageReader - Received headers:
Content-Length: 213
[2019-07-07 20:37:03,341] DEBUG langserver.core.MessageReader - Received headers:
Content-Length: 213
[2019-07-07 20:37:03,342] DEBUG langserver.core.Connection - Received {"jsonrpc":"2.0","id":14,"method":"textDocument/definition","params":{"textDocument":{"uri":"file:///Users/m/code/bigdata/kafka/kafka/core/src/main/scala/kafka/Kafka.scala"},"position":{"line":22,"character":27}}}
[2019-07-07 20:37:03,342] DEBUG langserver.core.Connection - Received {"jsonrpc":"2.0","id":14,"method":"textDocument/definition","params":{"textDocument":{"uri":"file:///Users/m/code/bigdata/kafka/kafka/core/src/main/scala/kafka/Kafka.scala"},"position":{"line":22,"character":27}}}
[2019-07-07 20:37:03,344] INFO org.github.dragos.vscode.EnsimeLanguageServer - Got goto definition request at (22, 27).
[2019-07-07 20:37:03,344] INFO org.github.dragos.vscode.EnsimeLanguageServer - Got goto definition request at (22, 27).
[2019-07-07 20:37:03,346] DEBUG org.github.dragos.vscode.EnsimeLanguageServer - Goto Definition future completed: succes? false
[2019-07-07 20:37:03,346] DEBUG org.github.dragos.vscode.EnsimeLanguageServer - Goto Definition future completed: succes? false
[2019-07-07 20:37:03,437] DEBUG langserver.core.MessageReader - Received headers:
Content-Length: 63
[2019-07-07 20:37:03,437] DEBUG langserver.core.MessageReader - Received headers:
Content-Length: 63
[2019-07-07 20:37:03,439] DEBUG langserver.core.Connection - Received {"jsonrpc":"2.0","method":"$/cancelRequest","params":{"id":14}}
[2019-07-07 20:37:03,439] DEBUG langserver.core.Connection - Received {"jsonrpc":"2.0","method":"$/cancelRequest","params":{"id":14}}
[2019-07-07 20:37:03,441] ERROR org.github.dragos.vscode.EnsimeLanguageServer - Unknown notification CancelRequest(14)
[2019-07-07 20:37:03,441] ERROR org.github.dragos.vscode.EnsimeLanguageServer - Unknown notification CancelRequest(14)
[2019-07-07 20:37:03,442] DEBUG langserver.core.MessageReader - Received headers:
Content-Length: 213
[2019-07-07 20:37:03,442] DEBUG langserver.core.MessageReader - Received headers:
Content-Length: 213
[2019-07-07 20:37:03,442] DEBUG langserver.core.Connection - Received {"jsonrpc":"2.0","id":15,"method":"textDocument/definition","params":{"textDocument":{"uri":"file:///Users/m/code/bigdata/kafka/kafka/core/src/main/scala/kafka/Kafka.scala"},"position":{"line":21,"character":25}}}
[2019-07-07 20:37:03,442] DEBUG langserver.core.Connection - Received {"jsonrpc":"2.0","id":15,"method":"textDocument/definition","params":{"textDocument":{"uri":"file:///Users/m/code/bigdata/kafka/kafka/core/src/main/scala/kafka/Kafka.scala"},"position":{"line":21,"character":25}}}
[2019-07-07 20:37:03,444] INFO org.github.dragos.vscode.EnsimeLanguageServer - Got goto definition request at (21, 25).
[2019-07-07 20:37:03,444] INFO org.github.dragos.vscode.EnsimeLanguageServer - Got goto definition request at (21, 25).
[2019-07-07 20:37:03,446] DEBUG org.github.dragos.vscode.EnsimeLanguageServer - Goto Definition future completed: succes? false
[2019-07-07 20:37:03,446] DEBUG org.github.dragos.vscode.EnsimeLanguageServer - Goto Definition future completed: succes? false
[2019-07-07 20:37:03,591] DEBUG langserver.core.MessageReader - Received headers:
Content-Length: 208
[2019-07-07 20:37:03,591] DEBUG langserver.core.MessageReader - Received headers:
Content-Length: 208
[2019-07-07 20:37:03,592] DEBUG langserver.core.Connection - Received {"jsonrpc":"2.0","id":16,"method":"textDocument/hover","params":{"textDocument":{"uri":"file:///Users/m/code/bigdata/kafka/kafka/core/src/main/scala/kafka/Kafka.scala"},"position":{"line":21,"character":25}}}
[2019-07-07 20:37:03,592] DEBUG langserver.core.Connection - Received {"jsonrpc":"2.0","id":16,"method":"textDocument/hover","params":{"textDocument":{"uri":"file:///Users/m/code/bigdata/kafka/kafka/core/src/main/scala/kafka/Kafka.scala"},"position":{"line":21,"character":25}}}
[2019-07-07 20:37:03,593] INFO org.github.dragos.vscode.EnsimeLanguageServer - Got hover request at (21, 25).
[2019-07-07 20:37:03,593] INFO org.github.dragos.vscode.EnsimeLanguageServer - Got hover request at (21, 25).
[2019-07-07 20:37:03,593] DEBUG org.github.dragos.vscode.EnsimeLanguageServer - DocUriAtPointReq future completed: succes? false
[2019-07-07 20:37:03,593] DEBUG org.github.dragos.vscode.EnsimeLanguageServer - DocUriAtPointReq future completed: succes? false
[2019-07-07 20:37:03,593] DEBUG org.github.dragos.vscode.EnsimeLanguageServer - TypeAtPointReq future completed: succes? false
[2019-07-07 20:37:03,593] DEBUG org.github.dragos.vscode.EnsimeLanguageServer - TypeAtPointReq future completed: succes? false
[2019-07-07 20:37:03,613] DEBUG langserver.core.MessageReader - Received headers:
Content-Length: 63
[2019-07-07 20:37:03,613] DEBUG langserver.core.MessageReader - Received headers:
Content-Length: 63
[2019-07-07 20:37:03,613] DEBUG langserver.core.Connection - Received {"jsonrpc":"2.0","method":"$/cancelRequest","params":{"id":16}}
[2019-07-07 20:37:03,613] DEBUG langserver.core.Connection - Received {"jsonrpc":"2.0","method":"$/cancelRequest","params":{"id":16}}
[2019-07-07 20:37:03,615] ERROR org.github.dragos.vscode.EnsimeLanguageServer - Unknown notification CancelRequest(16)
[2019-07-07 20:37:03,615] ERROR org.github.dragos.vscode.EnsimeLanguageServer - Unknown notification CancelRequest(16)
[2019-07-07 20:37:03,688] DEBUG langserver.core.MessageReader - Received headers:
Content-Length: 213
[2019-07-07 20:37:03,688] DEBUG langserver.core.MessageReader - Received headers:
Content-Length: 213
[2019-07-07 20:37:03,688] DEBUG langserver.core.Connection - Received {"jsonrpc":"2.0","id":17,"method":"textDocument/definition","params":{"textDocument":{"uri":"file:///Users/m/code/bigdata/kafka/kafka/core/src/main/scala/kafka/Kafka.scala"},"position":{"line":21,"character":25}}}
[2019-07-07 20:37:03,688] DEBUG langserver.core.Connection - Received {"jsonrpc":"2.0","id":17,"method":"textDocument/definition","params":{"textDocument":{"uri":"file:///Users/m/code/bigdata/kafka/kafka/core/src/main/scala/kafka/Kafka.scala"},"position":{"line":21,"character":25}}}
[2019-07-07 20:37:03,689] INFO org.github.dragos.vscode.EnsimeLanguageServer - Got goto definition request at (21, 25).
[2019-07-07 20:37:03,689] INFO org.github.dragos.vscode.EnsimeLanguageServer - Got goto definition request at (21, 25).
[2019-07-07 20:37:03,689] DEBUG org.github.dragos.vscode.EnsimeLanguageServer - Goto Definition future completed: succes? false
[2019-07-07 20:37:03,689] DEBUG org.github.dragos.vscode.EnsimeLanguageServer - Goto Definition future completed: succes? false
[2019-07-07 20:37:05,504] DEBUG langserver.core.MessageReader - Received headers:
Content-Length: 208
[2019-07-07 20:37:05,504] DEBUG langserver.core.MessageReader - Received headers:
Content-Length: 208
[2019-07-07 20:37:05,505] DEBUG langserver.core.Connection - Received {"jsonrpc":"2.0","id":18,"method":"textDocument/hover","params":{"textDocument":{"uri":"file:///Users/m/code/bigdata/kafka/kafka/core/src/main/scala/kafka/Kafka.scala"},"position":{"line":32,"character":22}}}
[2019-07-07 20:37:05,505] DEBUG langserver.core.Connection - Received {"jsonrpc":"2.0","id":18,"method":"textDocument/hover","params":{"textDocument":{"uri":"file:///Users/m/code/bigdata/kafka/kafka/core/src/main/scala/kafka/Kafka.scala"},"position":{"line":32,"character":22}}}
[2019-07-07 20:37:05,506] INFO org.github.dragos.vscode.EnsimeLanguageServer - Got hover request at (32, 22).
[2019-07-07 20:37:05,506] INFO org.github.dragos.vscode.EnsimeLanguageServer - Got hover request at (32, 22).
[2019-07-07 20:37:05,507] DEBUG org.github.dragos.vscode.EnsimeLanguageServer - DocUriAtPointReq future completed: succes? false
[2019-07-07 20:37:05,507] DEBUG org.github.dragos.vscode.EnsimeLanguageServer - DocUriAtPointReq future completed: succes? false
[2019-07-07 20:37:05,508] DEBUG org.github.dragos.vscode.EnsimeLanguageServer - TypeAtPointReq future completed: succes? false
[2019-07-07 20:37:05,508] DEBUG org.github.dragos.vscode.EnsimeLanguageServer - TypeAtPointReq future completed: succes? false
[2019-07-07 20:37:05,834] DEBUG langserver.core.MessageReader - Received headers:
Content-Length: 63
[2019-07-07 20:37:05,834] DEBUG langserver.core.MessageReader - Received headers:
Content-Length: 63
[2019-07-07 20:37:05,835] DEBUG langserver.core.Connection - Received {"jsonrpc":"2.0","method":"$/cancelRequest","params":{"id":18}}
[2019-07-07 20:37:05,835] DEBUG langserver.core.Connection - Received {"jsonrpc":"2.0","method":"$/cancelRequest","params":{"id":18}}
[2019-07-07 20:37:05,836] ERROR org.github.dragos.vscode.EnsimeLanguageServer - Unknown notification CancelRequest(18)
[2019-07-07 20:37:05,836] ERROR org.github.dragos.vscode.EnsimeLanguageServer - Unknown notification CancelRequest(18)
[2019-07-07 20:37:05,985] DEBUG langserver.core.MessageReader - Received headers:
Content-Length: 208
[2019-07-07 20:37:05,985] DEBUG langserver.core.MessageReader - Received headers:
Content-Length: 208
[2019-07-07 20:37:05,986] DEBUG langserver.core.Connection - Received {"jsonrpc":"2.0","id":19,"method":"textDocument/hover","params":{"textDocument":{"uri":"file:///Users/m/code/bigdata/kafka/kafka/core/src/main/scala/kafka/Kafka.scala"},"position":{"line":32,"character":23}}}
[2019-07-07 20:37:05,986] DEBUG langserver.core.Connection - Received {"jsonrpc":"2.0","id":19,"method":"textDocument/hover","params":{"textDocument":{"uri":"file:///Users/m/code/bigdata/kafka/kafka/core/src/main/scala/kafka/Kafka.scala"},"position":{"line":32,"character":23}}}
[2019-07-07 20:37:05,988] INFO org.github.dragos.vscode.EnsimeLanguageServer - Got hover request at (32, 23).
[2019-07-07 20:37:05,988] INFO org.github.dragos.vscode.EnsimeLanguageServer - Got hover request at (32, 23).
[2019-07-07 20:37:05,989] DEBUG org.github.dragos.vscode.EnsimeLanguageServer - DocUriAtPointReq future completed: succes? false
[2019-07-07 20:37:05,989] DEBUG org.github.dragos.vscode.EnsimeLanguageServer - TypeAtPointReq future completed: succes? false
[2019-07-07 20:37:05,989] DEBUG org.github.dragos.vscode.EnsimeLanguageServer - DocUriAtPointReq future completed: succes? false
[2019-07-07 20:37:05,989] DEBUG org.github.dragos.vscode.EnsimeLanguageServer - TypeAtPointReq future completed: succes? false
[2019-07-07 20:37:06,618] DEBUG langserver.core.MessageReader - Received headers:
Content-Length: 63
[2019-07-07 20:37:06,618] DEBUG langserver.core.MessageReader - Received headers:
Content-Length: 63
[2019-07-07 20:37:06,619] DEBUG langserver.core.Connection - Received {"jsonrpc":"2.0","method":"$/cancelRequest","params":{"id":19}}
[2019-07-07 20:37:06,619] DEBUG langserver.core.Connection - Received {"jsonrpc":"2.0","method":"$/cancelRequest","params":{"id":19}}
[2019-07-07 20:37:06,621] ERROR org.github.dragos.vscode.EnsimeLanguageServer - Unknown notification CancelRequest(19)
[2019-07-07 20:37:06,621] ERROR org.github.dragos.vscode.EnsimeLanguageServer - Unknown notification CancelRequest(19)
[2019-07-07 20:37:07,068] DEBUG langserver.core.MessageReader - Received headers:
Content-Length: 208
[2019-07-07 20:37:07,068] DEBUG langserver.core.MessageReader - Received headers:
Content-Length: 208
[2019-07-07 20:37:07,069] DEBUG langserver.core.Connection - Received {"jsonrpc":"2.0","id":20,"method":"textDocument/hover","params":{"textDocument":{"uri":"file:///Users/m/code/bigdata/kafka/kafka/core/src/main/scala/kafka/Kafka.scala"},"position":{"line":32,"character":35}}}
[2019-07-07 20:37:07,069] DEBUG langserver.core.Connection - Received {"jsonrpc":"2.0","id":20,"method":"textDocument/hover","params":{"textDocument":{"uri":"file:///Users/m/code/bigdata/kafka/kafka/core/src/main/scala/kafka/Kafka.scala"},"position":{"line":32,"character":35}}}
[2019-07-07 20:37:07,071] INFO org.github.dragos.vscode.EnsimeLanguageServer - Got hover request at (32, 35).
[2019-07-07 20:37:07,071] INFO org.github.dragos.vscode.EnsimeLanguageServer - Got hover request at (32, 35).
[2019-07-07 20:37:07,071] DEBUG org.github.dragos.vscode.EnsimeLanguageServer - DocUriAtPointReq future completed: succes? false
[2019-07-07 20:37:07,071] DEBUG org.github.dragos.vscode.EnsimeLanguageServer - DocUriAtPointReq future completed: succes? false
[2019-07-07 20:37:07,071] DEBUG org.github.dragos.vscode.EnsimeLanguageServer - TypeAtPointReq future completed: succes? false
[2019-07-07 20:37:07,071] DEBUG org.github.dragos.vscode.EnsimeLanguageServer - TypeAtPointReq future completed: succes? false
[2019-07-07 20:37:07,150] DEBUG langserver.core.MessageReader - Received headers:
Content-Length: 63
[2019-07-07 20:37:07,150] DEBUG langserver.core.MessageReader - Received headers:
Content-Length: 63
[2019-07-07 20:37:07,151] DEBUG langserver.core.Connection - Received {"jsonrpc":"2.0","method":"$/cancelRequest","params":{"id":20}}
[2019-07-07 20:37:07,151] DEBUG langserver.core.Connection - Received {"jsonrpc":"2.0","method":"$/cancelRequest","params":{"id":20}}
[2019-07-07 20:37:07,154] ERROR org.github.dragos.vscode.EnsimeLanguageServer - Unknown notification CancelRequest(20)
[2019-07-07 20:37:07,154] ERROR org.github.dragos.vscode.EnsimeLanguageServer - Unknown notification CancelRequest(20)
[2019-07-07 20:37:10,518] DEBUG langserver.core.MessageReader - Received headers:
Content-Length: 208
[2019-07-07 20:37:10,518] DEBUG langserver.core.MessageReader - Received headers:
Content-Length: 208
[2019-07-07 20:37:10,519] DEBUG langserver.core.Connection - Received {"jsonrpc":"2.0","id":21,"method":"textDocument/hover","params":{"textDocument":{"uri":"file:///Users/m/code/bigdata/kafka/kafka/core/src/main/scala/kafka/Kafka.scala"},"position":{"line":64,"character":12}}}
[2019-07-07 20:37:10,519] DEBUG langserver.core.Connection - Received {"jsonrpc":"2.0","id":21,"method":"textDocument/hover","params":{"textDocument":{"uri":"file:///Users/m/code/bigdata/kafka/kafka/core/src/main/scala/kafka/Kafka.scala"},"position":{"line":64,"character":12}}}
[2019-07-07 20:37:10,521] INFO org.github.dragos.vscode.EnsimeLanguageServer - Got hover request at (64, 12).
[2019-07-07 20:37:10,521] INFO org.github.dragos.vscode.EnsimeLanguageServer - Got hover request at (64, 12).
[2019-07-07 20:37:10,524] DEBUG org.github.dragos.vscode.EnsimeLanguageServer - DocUriAtPointReq future completed: succes? false
[2019-07-07 20:37:10,524] DEBUG org.github.dragos.vscode.EnsimeLanguageServer - DocUriAtPointReq future completed: succes? false
[2019-07-07 20:37:10,524] DEBUG org.github.dragos.vscode.EnsimeLanguageServer - TypeAtPointReq future completed: succes? false
[2019-07-07 20:37:10,524] DEBUG org.github.dragos.vscode.EnsimeLanguageServer - TypeAtPointReq future completed: succes? false
[2019-07-07 20:37:10,568] DEBUG langserver.core.MessageReader - Received headers:
Content-Length: 63
[2019-07-07 20:37:10,568] DEBUG langserver.core.MessageReader - Received headers:
Content-Length: 63
[2019-07-07 20:37:10,569] DEBUG langserver.core.Connection - Received {"jsonrpc":"2.0","method":"$/cancelRequest","params":{"id":21}}
[2019-07-07 20:37:10,569] DEBUG langserver.core.Connection - Received {"jsonrpc":"2.0","method":"$/cancelRequest","params":{"id":21}}
[2019-07-07 20:37:10,570] ERROR org.github.dragos.vscode.EnsimeLanguageServer - Unknown notification CancelRequest(21)
[2019-07-07 20:37:10,570] ERROR org.github.dragos.vscode.EnsimeLanguageServer - Unknown notification CancelRequest(21)
[2019-07-07 20:37:10,913] DEBUG langserver.core.MessageReader - Received headers:
Content-Length: 63
[2019-07-07 20:37:10,913] DEBUG langserver.core.MessageReader - Received headers:
Content-Length: 63
[2019-07-07 20:37:10,913] DEBUG langserver.core.Connection - Received {"jsonrpc":"2.0","method":"$/cancelRequest","params":{"id":17}}
[2019-07-07 20:37:10,913] DEBUG langserver.core.Connection - Received {"jsonrpc":"2.0","method":"$/cancelRequest","params":{"id":17}}
[2019-07-07 20:37:10,914] ERROR org.github.dragos.vscode.EnsimeLanguageServer - Unknown notification CancelRequest(17)
[2019-07-07 20:37:10,914] ERROR org.github.dragos.vscode.EnsimeLanguageServer - Unknown notification CancelRequest(17)
[2019-07-07 20:37:11,411] DEBUG langserver.core.MessageReader - Received headers:
Content-Length: 208
[2019-07-07 20:37:11,411] DEBUG langserver.core.MessageReader - Received headers:
Content-Length: 208
[2019-07-07 20:37:11,412] DEBUG langserver.core.Connection - Received {"jsonrpc":"2.0","id":22,"method":"textDocument/hover","params":{"textDocument":{"uri":"file:///Users/m/code/bigdata/kafka/kafka/core/src/main/scala/kafka/Kafka.scala"},"position":{"line":55,"character":12}}}
[2019-07-07 20:37:11,412] DEBUG langserver.core.Connection - Received {"jsonrpc":"2.0","id":22,"method":"textDocument/hover","params":{"textDocument":{"uri":"file:///Users/m/code/bigdata/kafka/kafka/core/src/main/scala/kafka/Kafka.scala"},"position":{"line":55,"character":12}}}
[2019-07-07 20:37:11,413] INFO org.github.dragos.vscode.EnsimeLanguageServer - Got hover request at (55, 12).
[2019-07-07 20:37:11,413] INFO org.github.dragos.vscode.EnsimeLanguageServer - Got hover request at (55, 12).
[2019-07-07 20:37:11,413] DEBUG org.github.dragos.vscode.EnsimeLanguageServer - DocUriAtPointReq future completed: succes? false
[2019-07-07 20:37:11,413] DEBUG org.github.dragos.vscode.EnsimeLanguageServer - DocUriAtPointReq future completed: succes? false
[2019-07-07 20:37:11,414] DEBUG org.github.dragos.vscode.EnsimeLanguageServer - TypeAtPointReq future completed: succes? false
[2019-07-07 20:37:11,414] DEBUG org.github.dragos.vscode.EnsimeLanguageServer - TypeAtPointReq future completed: succes? false
[2019-07-07 20:37:11,500] DEBUG langserver.core.MessageReader - Received headers:
Content-Length: 63
[2019-07-07 20:37:11,500] DEBUG langserver.core.MessageReader - Received headers:
Content-Length: 63
[2019-07-07 20:37:11,501] DEBUG langserver.core.Connection - Received {"jsonrpc":"2.0","method":"$/cancelRequest","params":{"id":22}}
[2019-07-07 20:37:11,501] DEBUG langserver.core.Connection - Received {"jsonrpc":"2.0","method":"$/cancelRequest","params":{"id":22}}
[2019-07-07 20:37:11,502] ERROR org.github.dragos.vscode.EnsimeLanguageServer - Unknown notification CancelRequest(22)
[2019-07-07 20:37:11,502] ERROR org.github.dragos.vscode.EnsimeLanguageServer - Unknown notification CancelRequest(22)
[2019-07-07 20:37:12,012] DEBUG langserver.core.MessageReader - Received headers:
Content-Length: 208
[2019-07-07 20:37:12,012] DEBUG langserver.core.MessageReader - Received headers:
Content-Length: 208
[2019-07-07 20:37:12,013] DEBUG langserver.core.Connection - Received {"jsonrpc":"2.0","id":23,"method":"textDocument/hover","params":{"textDocument":{"uri":"file:///Users/m/code/bigdata/kafka/kafka/core/src/main/scala/kafka/Kafka.scala"},"position":{"line":58,"character":19}}}
[2019-07-07 20:37:12,013] DEBUG langserver.core.Connection - Received {"jsonrpc":"2.0","id":23,"method":"textDocument/hover","params":{"textDocument":{"uri":"file:///Users/m/code/bigdata/kafka/kafka/core/src/main/scala/kafka/Kafka.scala"},"position":{"line":58,"character":19}}}
[2019-07-07 20:37:12,015] INFO org.github.dragos.vscode.EnsimeLanguageServer - Got hover request at (58, 19).
[2019-07-07 20:37:12,015] INFO org.github.dragos.vscode.EnsimeLanguageServer - Got hover request at (58, 19).
[2019-07-07 20:37:12,016] DEBUG org.github.dragos.vscode.EnsimeLanguageServer - DocUriAtPointReq future completed: succes? false
[2019-07-07 20:37:12,016] DEBUG org.github.dragos.vscode.EnsimeLanguageServer - DocUriAtPointReq future completed: succes? false
[2019-07-07 20:37:12,016] DEBUG org.github.dragos.vscode.EnsimeLanguageServer - TypeAtPointReq future completed: succes? false
[2019-07-07 20:37:12,016] DEBUG org.github.dragos.vscode.EnsimeLanguageServer - TypeAtPointReq future completed: succes? false
[2019-07-07 20:37:12,167] DEBUG langserver.core.MessageReader - Received headers:
Content-Length: 63
[2019-07-07 20:37:12,167] DEBUG langserver.core.MessageReader - Received headers:
Content-Length: 63
[2019-07-07 20:37:12,167] DEBUG langserver.core.Connection - Received {"jsonrpc":"2.0","method":"$/cancelRequest","params":{"id":23}}
[2019-07-07 20:37:12,167] DEBUG langserver.core.Connection - Received {"jsonrpc":"2.0","method":"$/cancelRequest","params":{"id":23}}
[2019-07-07 20:37:12,170] ERROR org.github.dragos.vscode.EnsimeLanguageServer - Unknown notification CancelRequest(23)
[2019-07-07 20:37:12,170] ERROR org.github.dragos.vscode.EnsimeLanguageServer - Unknown notification CancelRequest(23)
[2019-07-07 21:20:45,880] DEBUG langserver.core.MessageReader - Received headers:
Content-Length: 179
[2019-07-07 21:20:45,880] DEBUG langserver.core.MessageReader - Received headers:
Content-Length: 179
[2019-07-07 21:20:45,895] DEBUG langserver.core.Connection - Received {"jsonrpc":"2.0","id":24,"method":"textDocument/documentSymbol","params":{"textDocument":{"uri":"file:///Users/m/code/bigdata/kafka/kafka/core/src/main/scala/kafka/Kafka.scala"}}}
[2019-07-07 21:20:45,895] DEBUG langserver.core.Connection - Received {"jsonrpc":"2.0","id":24,"method":"textDocument/documentSymbol","params":{"textDocument":{"uri":"file:///Users/m/code/bigdata/kafka/kafka/core/src/main/scala/kafka/Kafka.scala"}}}
[2019-07-07 21:20:45,917] DEBUG langserver.core.MessageWriter - Content-Length: 37



{"jsonrpc":"2.0","result":[],"id":24}
[2019-07-07 21:20:45,917] DEBUG langserver.core.MessageWriter - Content-Length: 37



{"jsonrpc":"2.0","result":[],"id":24}
[2019-07-07 21:20:45,918] DEBUG langserver.core.MessageWriter - payload: {"jsonrpc":"2.0","result":[],"id":24}
[2019-07-07 21:20:45,918] DEBUG langserver.core.MessageWriter - payload: {"jsonrpc":"2.0","result":[],"id":24}
[2019-07-07 21:20:48,582] DEBUG langserver.core.MessageReader - Received headers:
Content-Length: 208
[2019-07-07 21:20:48,582] DEBUG langserver.core.MessageReader - Received headers:
Content-Length: 208
[2019-07-07 21:20:48,583] DEBUG langserver.core.Connection - Received {"jsonrpc":"2.0","id":25,"method":"textDocument/hover","params":{"textDocument":{"uri":"file:///Users/m/code/bigdata/kafka/kafka/core/src/main/scala/kafka/Kafka.scala"},"position":{"line":55,"character":14}}}
[2019-07-07 21:20:48,583] DEBUG langserver.core.Connection - Received {"jsonrpc":"2.0","id":25,"method":"textDocument/hover","params":{"textDocument":{"uri":"file:///Users/m/code/bigdata/kafka/kafka/core/src/main/scala/kafka/Kafka.scala"},"position":{"line":55,"character":14}}}
[2019-07-07 21:20:48,584] INFO org.github.dragos.vscode.EnsimeLanguageServer - Got hover request at (55, 14).
[2019-07-07 21:20:48,584] INFO org.github.dragos.vscode.EnsimeLanguageServer - Got hover request at (55, 14).
[2019-07-07 21:20:48,588] DEBUG org.github.dragos.vscode.EnsimeLanguageServer - TypeAtPointReq future completed: succes? false
[2019-07-07 21:20:48,588] DEBUG org.github.dragos.vscode.EnsimeLanguageServer - DocUriAtPointReq future completed: succes? false
[2019-07-07 21:20:48,588] DEBUG org.github.dragos.vscode.EnsimeLanguageServer - TypeAtPointReq future completed: succes? false
[2019-07-07 21:20:48,588] DEBUG org.github.dragos.vscode.EnsimeLanguageServer - DocUriAtPointReq future completed: succes? false
[2019-07-07 21:20:50,753] DEBUG langserver.core.MessageReader - Received headers:
Content-Length: 63
[2019-07-07 21:20:50,753] DEBUG langserver.core.MessageReader - Received headers:
Content-Length: 63
[2019-07-07 21:20:50,754] DEBUG langserver.core.Connection - Received {"jsonrpc":"2.0","method":"$/cancelRequest","params":{"id":25}}
[2019-07-07 21:20:50,754] DEBUG langserver.core.Connection - Received {"jsonrpc":"2.0","method":"$/cancelRequest","params":{"id":25}}
[2019-07-07 21:20:50,757] ERROR org.github.dragos.vscode.EnsimeLanguageServer - Unknown notification CancelRequest(25)
[2019-07-07 21:20:50,757] ERROR org.github.dragos.vscode.EnsimeLanguageServer - Unknown notification CancelRequest(25)
[2019-07-07 21:20:51,104] DEBUG langserver.core.MessageReader - Received headers:
Content-Length: 208
[2019-07-07 21:20:51,104] DEBUG langserver.core.MessageReader - Received headers:
Content-Length: 208
[2019-07-07 21:20:51,104] DEBUG langserver.core.Connection - Received {"jsonrpc":"2.0","id":26,"method":"textDocument/hover","params":{"textDocument":{"uri":"file:///Users/m/code/bigdata/kafka/kafka/core/src/main/scala/kafka/Kafka.scala"},"position":{"line":55,"character":11}}}
[2019-07-07 21:20:51,104] DEBUG langserver.core.Connection - Received {"jsonrpc":"2.0","id":26,"method":"textDocument/hover","params":{"textDocument":{"uri":"file:///Users/m/code/bigdata/kafka/kafka/core/src/main/scala/kafka/Kafka.scala"},"position":{"line":55,"character":11}}}
[2019-07-07 21:20:51,105] INFO org.github.dragos.vscode.EnsimeLanguageServer - Got hover request at (55, 11).
[2019-07-07 21:20:51,105] INFO org.github.dragos.vscode.EnsimeLanguageServer - Got hover request at (55, 11).
[2019-07-07 21:20:51,105] DEBUG org.github.dragos.vscode.EnsimeLanguageServer - DocUriAtPointReq future completed: succes? false
[2019-07-07 21:20:51,105] DEBUG org.github.dragos.vscode.EnsimeLanguageServer - DocUriAtPointReq future completed: succes? false
[2019-07-07 21:20:51,105] DEBUG org.github.dragos.vscode.EnsimeLanguageServer - TypeAtPointReq future completed: succes? false
[2019-07-07 21:20:51,105] DEBUG org.github.dragos.vscode.EnsimeLanguageServer - TypeAtPointReq future completed: succes? false
[2019-07-07 21:20:51,253] DEBUG langserver.core.MessageReader - Received headers:
Content-Length: 63
[2019-07-07 21:20:51,253] DEBUG langserver.core.MessageReader - Received headers:
Content-Length: 63
[2019-07-07 21:20:51,254] DEBUG langserver.core.Connection - Received {"jsonrpc":"2.0","method":"$/cancelRequest","params":{"id":26}}
[2019-07-07 21:20:51,254] DEBUG langserver.core.Connection - Received {"jsonrpc":"2.0","method":"$/cancelRequest","params":{"id":26}}
[2019-07-07 21:20:51,255] ERROR org.github.dragos.vscode.EnsimeLanguageServer - Unknown notification CancelRequest(26)
[2019-07-07 21:20:51,255] ERROR org.github.dragos.vscode.EnsimeLanguageServer - Unknown notification CancelRequest(26)
[2019-07-07 21:20:51,505] DEBUG langserver.core.MessageReader - Received headers:
Content-Length: 208
[2019-07-07 21:20:51,505] DEBUG langserver.core.MessageReader - Received headers:
Content-Length: 208
[2019-07-07 21:20:51,506] DEBUG langserver.core.Connection - Received {"jsonrpc":"2.0","id":27,"method":"textDocument/hover","params":{"textDocument":{"uri":"file:///Users/m/code/bigdata/kafka/kafka/core/src/main/scala/kafka/Kafka.scala"},"position":{"line":55,"character":16}}}
[2019-07-07 21:20:51,506] DEBUG langserver.core.Connection - Received {"jsonrpc":"2.0","id":27,"method":"textDocument/hover","params":{"textDocument":{"uri":"file:///Users/m/code/bigdata/kafka/kafka/core/src/main/scala/kafka/Kafka.scala"},"position":{"line":55,"character":16}}}
[2019-07-07 21:20:51,506] INFO org.github.dragos.vscode.EnsimeLanguageServer - Got hover request at (55, 16).
[2019-07-07 21:20:51,506] INFO org.github.dragos.vscode.EnsimeLanguageServer - Got hover request at (55, 16).
[2019-07-07 21:20:51,507] DEBUG org.github.dragos.vscode.EnsimeLanguageServer - DocUriAtPointReq future completed: succes? false
[2019-07-07 21:20:51,507] DEBUG org.github.dragos.vscode.EnsimeLanguageServer - TypeAtPointReq future completed: succes? false
[2019-07-07 21:20:51,507] DEBUG org.github.dragos.vscode.EnsimeLanguageServer - DocUriAtPointReq future completed: succes? false
[2019-07-07 21:20:51,507] DEBUG org.github.dragos.vscode.EnsimeLanguageServer - TypeAtPointReq future completed: succes? false
[2019-07-07 21:20:51,731] DEBUG langserver.core.MessageReader - Received headers:
Content-Length: 63
[2019-07-07 21:20:51,731] DEBUG langserver.core.MessageReader - Received headers:
Content-Length: 63
[2019-07-07 21:20:51,731] DEBUG langserver.core.Connection - Received {"jsonrpc":"2.0","method":"$/cancelRequest","params":{"id":27}}
[2019-07-07 21:20:51,731] DEBUG langserver.core.Connection - Received {"jsonrpc":"2.0","method":"$/cancelRequest","params":{"id":27}}
[2019-07-07 21:20:51,733] ERROR org.github.dragos.vscode.EnsimeLanguageServer - Unknown notification CancelRequest(27)
[2019-07-07 21:20:51,733] ERROR org.github.dragos.vscode.EnsimeLanguageServer - Unknown notification CancelRequest(27)
[2019-07-07 21:20:57,595] DEBUG langserver.core.MessageReader - Received headers:
Content-Length: 207
[2019-07-07 21:20:57,595] DEBUG langserver.core.MessageReader - Received headers:
Content-Length: 207
[2019-07-07 21:20:57,595] DEBUG langserver.core.Connection - Received {"jsonrpc":"2.0","id":28,"method":"textDocument/hover","params":{"textDocument":{"uri":"file:///Users/m/code/bigdata/kafka/kafka/core/src/main/scala/kafka/Kafka.scala"},"position":{"line":54,"character":0}}}
[2019-07-07 21:20:57,595] DEBUG langserver.core.Connection - Received {"jsonrpc":"2.0","id":28,"method":"textDocument/hover","params":{"textDocument":{"uri":"file:///Users/m/code/bigdata/kafka/kafka/core/src/main/scala/kafka/Kafka.scala"},"position":{"line":54,"character":0}}}
[2019-07-07 21:20:57,596] INFO org.github.dragos.vscode.EnsimeLanguageServer - Got hover request at (54, 0).
[2019-07-07 21:20:57,596] INFO org.github.dragos.vscode.EnsimeLanguageServer - Got hover request at (54, 0).
[2019-07-07 21:20:57,597] DEBUG org.github.dragos.vscode.EnsimeLanguageServer - DocUriAtPointReq future completed: succes? false
[2019-07-07 21:20:57,597] DEBUG org.github.dragos.vscode.EnsimeLanguageServer - DocUriAtPointReq future completed: succes? false
[2019-07-07 21:20:57,597] DEBUG org.github.dragos.vscode.EnsimeLanguageServer - TypeAtPointReq future completed: succes? false
[2019-07-07 21:20:57,597] DEBUG org.github.dragos.vscode.EnsimeLanguageServer - TypeAtPointReq future completed: succes? false
[2019-07-07 21:20:57,699] DEBUG langserver.core.MessageReader - Received headers:
Content-Length: 63
[2019-07-07 21:20:57,699] DEBUG langserver.core.MessageReader - Received headers:
Content-Length: 63
[2019-07-07 21:20:57,700] DEBUG langserver.core.Connection - Received {"jsonrpc":"2.0","method":"$/cancelRequest","params":{"id":28}}
[2019-07-07 21:20:57,700] DEBUG langserver.core.Connection - Received {"jsonrpc":"2.0","method":"$/cancelRequest","params":{"id":28}}
[2019-07-07 21:20:57,701] ERROR org.github.dragos.vscode.EnsimeLanguageServer - Unknown notification CancelRequest(28)
[2019-07-07 21:20:57,701] ERROR org.github.dragos.vscode.EnsimeLanguageServer - Unknown notification CancelRequest(28)
[2019-07-07 21:20:59,756] DEBUG langserver.core.MessageReader - Received headers:
Content-Length: 59
[2019-07-07 21:20:59,756] DEBUG langserver.core.MessageReader - Received headers:
Content-Length: 59
[2019-07-07 21:20:59,757] DEBUG langserver.core.Connection - Received {"jsonrpc":"2.0","id":29,"method":"shutdown","params":null}
[2019-07-07 21:20:59,757] DEBUG langserver.core.Connection - Received {"jsonrpc":"2.0","id":29,"method":"shutdown","params":null}
[2019-07-07 21:20:59,873] DEBUG langserver.core.MessageWriter - Content-Length: 199



{"jsonrpc":"2.0","error":{"code":-32602,"message":"Invalid params","data":{"meaning":"Invalid method parameter(s).","error":{"obj":[{"msg":["command parameters must be given"],"args":[]}]}}},"id":29}
[2019-07-07 21:20:59,873] DEBUG langserver.core.MessageWriter - Content-Length: 199



{"jsonrpc":"2.0","error":{"code":-32602,"message":"Invalid params","data":{"meaning":"Invalid method parameter(s).","error":{"obj":[{"msg":["command parameters must be given"],"args":[]}]}}},"id":29}
[2019-07-07 21:20:59,873] DEBUG langserver.core.MessageWriter - payload: {"jsonrpc":"2.0","error":{"code":-32602,"message":"Invalid params","data":{"meaning":"Invalid method parameter(s).","error":{"obj":[{"msg":["command parameters must be given"],"args":[]}]}}},"id":29}
[2019-07-07 21:20:59,873] DEBUG langserver.core.MessageWriter - payload: {"jsonrpc":"2.0","error":{"code":-32602,"message":"Invalid params","data":{"meaning":"Invalid method parameter(s).","error":{"obj":[{"msg":["command parameters must be given"],"args":[]}]}}},"id":29}
[2019-07-07 21:21:00,840] INFO langserver.core.MessageReader - End of stream, terminating thread
[2019-07-07 21:21:00,840] INFO langserver.core.MessageReader - End of stream, terminating thread
[2019-07-07 21:21:00,842] INFO org.github.dragos.vscode.EnsimeLanguageServer - Shutdown request
[2019-07-07 21:21:00,842] INFO org.github.dragos.vscode.EnsimeLanguageServer - Shutdown request
[2019-07-07 21:21:00,862] INFO org.github.dragos.vscode.EnsimeLanguageServer - Shutting down actor system.
[2019-07-07 21:21:00,862] INFO org.github.dragos.vscode.EnsimeLanguageServer - Shutting down actor system.
[2019-07-07 21:21:00,943] INFO org.github.dragos.vscode.EnsimeLanguageServer - Actor system down.
[2019-07-07 21:21:00,943] INFO org.github.dragos.vscode.EnsimeLanguageServer - Actor system down.
